[2025-09-24 21:09:28] [ERROR] [CONFIG_VALIDATION] Erros de configuração: Arquivo crítico não encontrado: backend/data/techponto.db, Arquivo crítico não encontrado: backend/config/config.php, Arquivo crítico não encontrado: backend/config/database.php, Arquivo crítico não encontrado: backend/config/security.php, Arquivo crítico não encontrado: backend/updates/config.php
[2025-09-24 16:09:28] [INFO] [UPDATE_CHECKER] Inicializado
[2025-09-24 21:09:34] [ERROR] [CONFIG_VALIDATION] Erros de configuração: Arquivo crítico não encontrado: backend/data/techponto.db, Arquivo crítico não encontrado: backend/config/config.php, Arquivo crítico não encontrado: backend/config/database.php, Arquivo crítico não encontrado: backend/config/security.php, Arquivo crítico não encontrado: backend/updates/config.php
[2025-09-24 16:09:34] [INFO] [UPDATE_CHECKER] Inicializado
[2025-09-24 16:09:34] [INFO] [UPDATE_CHECKER] Iniciando verificação de atualizações
[2025-09-24 16:09:35] [ERROR] [UPDATE_CHECKER] Erro na verificação: Falha ao conectar com a API do GitHub
[2025-09-24 16:54:18] [INFO] [UPDATE_CHECKER] Inicializado
[2025-09-24 16:54:31] [INFO] [UPDATE_CHECKER] Inicializado
[2025-09-24 16:54:31] [INFO] [UPDATE_CHECKER] Iniciando verificação de atualizações
[2025-09-24 16:54:32] [SUCCESS] [UPDATE_CHECKER] Sistema atualizado
[2025-09-24 17:20:07] [INFO] [UPDATE_CHECKER] Inicializado
[2025-09-24 17:20:11] [INFO] [UPDATE_CHECKER] Inicializado
[2025-09-24 17:20:15] [INFO] [UPDATE_CHECKER] Inicializado
[2025-09-24 17:20:15] [INFO] [UPDATE_CHECKER] Iniciando verificação de atualizações
[2025-09-24 17:20:16] [SUCCESS] [UPDATE_CHECKER] Sistema atualizado
[2025-09-24 17:20:18] [INFO] [UPDATE_CHECKER] Inicializado
[2025-09-24 17:20:33] [INFO] [UPDATE_CHECKER] Inicializado
[2025-09-24 17:20:33] [INFO] [UPDATE_CHECKER] Iniciando verificação de atualizações
[2025-09-24 17:20:34] [SUCCESS] [UPDATE_CHECKER] Sistema atualizado
[2025-09-24 17:20:38] [INFO] [UPDATE_CHECKER] Inicializado
[2025-09-24 17:20:38] [INFO] [UPDATE_CHECKER] Inicializado
[2025-09-24 17:20:39] [INFO] [UPDATE_CHECKER] Inicializado
[2025-09-24 17:20:42] [INFO] [UPDATE_CHECKER] Inicializado
[2025-09-24 17:21:31] [INFO] [UPDATE_CHECKER] Inicializado
[2025-09-24 17:21:34] [INFO] [UPDATE_CHECKER] Inicializado
[2025-09-24 17:21:35] [INFO] [UPDATE_CHECKER] Inicializado
[2025-09-24 17:23:03] [INFO] [UPDATE_CHECKER] Inicializado
[2025-09-24 17:23:06] [INFO] [UPDATE_CHECKER] Inicializado
[2025-09-24 17:23:08] [INFO] [UPDATE_CHECKER] Inicializado
[2025-09-24 17:23:08] [INFO] [UPDATE_CHECKER] Iniciando verificação de atualizações
[2025-09-24 17:23:09] [SUCCESS] [UPDATE_CHECKER] Sistema atualizado
[2025-09-24 17:24:15] [INFO] [UPDATE_CHECKER] Inicializado
